==== Fri Jul 18 16:41:23 2025 Started analysis, run 372
Reading from "file:///home/lasitha/JLab-analyzers/moller-counting-test/data/test_vtp_372.evio.0"
Event limit reached.
==== Fri Jul 18 16:41:25 2025 Summary for run 372
Counter summary:
1002  events read
1002  events decoded
1000  physics events
   2  other event types
1000  physics events analyzed
1002  events accepted

Timing summary:
Init             : Real Time =   1.09 seconds Cpu Time =   1.07 seconds
Begin            : Real Time =   0.00 seconds Cpu Time =   0.00 seconds
RawDecode        : Real Time =   0.36 seconds Cpu Time =   0.41 seconds
Decode           : Real Time =   0.06 seconds Cpu Time =   0.07 seconds
CoarseTracking   : Real Time =   0.00 seconds Cpu Time =   0.01 seconds
CoarseReconstruct: Real Time =   0.02 seconds Cpu Time =   0.02 seconds
Tracking         : Real Time =   0.00 seconds Cpu Time =   0.00 seconds
Reconstruct      : Real Time =   0.00 seconds Cpu Time =   0.00 seconds
Physics          : Real Time =   0.00 seconds Cpu Time =   0.01 seconds
End              : Real Time =   0.00 seconds Cpu Time =   0.00 seconds
Output           : Real Time =   0.68 seconds Cpu Time =   0.63 seconds
Cuts             : Real Time =   0.01 seconds Cpu Time =   0.00 seconds
Total            : Real Time =   2.27 seconds Cpu Time =   2.23 seconds
